abc
[0]
[1]
[2]
[3]
[4]
[5]
[6]
[[7]]
[[8]]
[[9]]
[[10]]
[[11]]
[[12]]
[[13]]
[0] a [0]
[0] b [0]
[0] c [1]
[1] a [0]
[1] b [0]
[1] c [2]
[2] a [0]
[2] b [0]
[2] c [3]
[3] a [4]
[3] b [5]
[3] c [6]
[4] a [0]
[4] b [0]
[4] c [7]
[5] a [8]
[5] b [0]
[5] c [1]
[6] a [4]
[6] b [9]
[6] c [6]
[7] a [8]
[7] b [8]
[7] c [10]
[8] a [8]
[8] b [8]
[8] c [7]
[9] a [8]
[9] b [8]
[9] c [7]
[10] a [8]
[10] b [8]
[10] c [11]
[11] a [12]
[11] b [9]
[11] c [13]
[12] a [8]
[12] b [8]
[12] c [7]
[13] a [12]
[13] b [9]
[13] c [13]
